d:\astromedicomp\rtr\win32project\geometrydemo1 - copy\geometrydemo1\x64\debug\vc143.pdb
d:\astromedicomp\rtr\win32project\geometrydemo1 - copy\geometrydemo1\x64\debug\vc143.idb
d:\astromedicomp\rtr\win32project\geometrydemo1 - copy\geometrydemo1\x64\debug\yash.obj
d:\astromedicomp\rtr\win32project\geometrydemo1 - copy\geometrydemo1\x64\debug\sumit.obj
d:\astromedicomp\rtr\win32project\geometrydemo1 - copy\geometrydemo1\x64\debug\shreyash.obj
d:\astromedicomp\rtr\win32project\geometrydemo1 - copy\geometrydemo1\x64\debug\rishan.obj
d:\astromedicomp\rtr\win32project\geometrydemo1 - copy\geometrydemo1\x64\debug\raviraj.obj
d:\astromedicomp\rtr\win32project\geometrydemo1 - copy\geometrydemo1\x64\debug\pankaj.obj
d:\astromedicomp\rtr\win32project\geometrydemo1 - copy\geometrydemo1\x64\debug\manasi.obj
d:\astromedicomp\rtr\win32project\geometrydemo1 - copy\geometrydemo1\x64\debug\main.obj
d:\astromedicomp\rtr\win32project\geometrydemo1 - copy\geometrydemo1\x64\debug\madhuri.obj
d:\astromedicomp\rtr\win32project\geometrydemo1 - copy\geometrydemo1\x64\debug\kapil.obj
d:\astromedicomp\rtr\win32project\geometrydemo1 - copy\geometrydemo1\x64\debug\common.obj
d:\astromedicomp\rtr\win32project\geometrydemo1 - copy\geometrydemo1\x64\debug\chaitanya.obj
d:\astromedicomp\rtr\win32project\geometrydemo1 - copy\x64\debug\geometrydemo1.exe
d:\astromedicomp\rtr\win32project\geometrydemo1 - copy\x64\debug\geometrydemo1.pdb
d:\astromedicomp\rtr\win32project\geometrydemo1 - copy\geometrydemo1\x64\debug\geometrydemo1.ilk
d:\astromedicomp\rtr\win32project\geometrydemo1 - copy\geometrydemo1\x64\debug\geometrydemo1.tlog\cl.command.1.tlog
d:\astromedicomp\rtr\win32project\geometrydemo1 - copy\geometrydemo1\x64\debug\geometrydemo1.tlog\cl.items.tlog
d:\astromedicomp\rtr\win32project\geometrydemo1 - copy\geometrydemo1\x64\debug\geometrydemo1.tlog\cl.read.1.tlog
d:\astromedicomp\rtr\win32project\geometrydemo1 - copy\geometrydemo1\x64\debug\geometrydemo1.tlog\cl.write.1.tlog
d:\astromedicomp\rtr\win32project\geometrydemo1 - copy\geometrydemo1\x64\debug\geometrydemo1.tlog\link.command.1.tlog
d:\astromedicomp\rtr\win32project\geometrydemo1 - copy\geometrydemo1\x64\debug\geometrydemo1.tlog\link.read.1.tlog
d:\astromedicomp\rtr\win32project\geometrydemo1 - copy\geometrydemo1\x64\debug\geometrydemo1.tlog\link.secondary.1.tlog
d:\astromedicomp\rtr\win32project\geometrydemo1 - copy\geometrydemo1\x64\debug\geometrydemo1.tlog\link.write.1.tlog
